c:\users\s-saotome\source\repos\ryujin\debug\vc143.pdb
c:\users\s-saotome\source\repos\ryujin\debug\vc143.idb
c:\users\s-saotome\source\repos\ryujin\debug\boss_shot.obj
c:\users\s-saotome\source\repos\ryujin\debug\boss_shoth.obj
c:\users\s-saotome\source\repos\ryujin\debug\char.obj
c:\users\s-saotome\source\repos\ryujin\debug\cshot.obj
c:\users\s-saotome\source\repos\ryujin\debug\enemy.obj
c:\users\s-saotome\source\repos\ryujin\debug\enemy_act_pattern.obj
c:\users\s-saotome\source\repos\ryujin\debug\fps.obj
c:\users\s-saotome\source\repos\ryujin\debug\graph.obj
c:\users\s-saotome\source\repos\ryujin\debug\graph_back.obj
c:\users\s-saotome\source\repos\ryujin\debug\ini.obj
c:\users\s-saotome\source\repos\ryujin\debug\key.obj
c:\users\s-saotome\source\repos\ryujin\debug\load.obj
c:\users\s-saotome\source\repos\ryujin\debug\main.obj
c:\users\s-saotome\source\repos\ryujin\debug\music.obj
c:\users\s-saotome\source\repos\ryujin\debug\out.obj
c:\users\s-saotome\source\repos\ryujin\debug\shot.obj
c:\users\s-saotome\source\repos\ryujin\debug\shoth.obj
c:\users\s-saotome\source\repos\ryujin\debug\ryujin.ilk
c:\users\s-saotome\source\repos\ryujin\debug\ryujin.exe
c:\users\s-saotome\source\repos\ryujin\debug\ryujin.pdb
c:\users\s-saotome\source\repos\ryujin\debug\ryujin.tlog\cl.command.1.tlog
c:\users\s-saotome\source\repos\ryujin\debug\ryujin.tlog\cl.read.1.tlog
c:\users\s-saotome\source\repos\ryujin\debug\ryujin.tlog\cl.write.1.tlog
c:\users\s-saotome\source\repos\ryujin\debug\ryujin.tlog\link.command.1.tlog
c:\users\s-saotome\source\repos\ryujin\debug\ryujin.tlog\link.read.1.tlog
c:\users\s-saotome\source\repos\ryujin\debug\ryujin.tlog\link.write.1.tlog
