c:\users\s-saotome\source\repos\ryujin\release\vc143.pdb
c:\users\s-saotome\source\repos\ryujin\release\shoth.obj
c:\users\s-saotome\source\repos\ryujin\release\shot.obj
c:\users\s-saotome\source\repos\ryujin\release\out.obj
c:\users\s-saotome\source\repos\ryujin\release\music.obj
c:\users\s-saotome\source\repos\ryujin\release\main.obj
c:\users\s-saotome\source\repos\ryujin\release\load.obj
c:\users\s-saotome\source\repos\ryujin\release\key.obj
c:\users\s-saotome\source\repos\ryujin\release\ini.obj
c:\users\s-saotome\source\repos\ryujin\release\graph_back.obj
c:\users\s-saotome\source\repos\ryujin\release\graph.obj
c:\users\s-saotome\source\repos\ryujin\release\fps.obj
c:\users\s-saotome\source\repos\ryujin\release\enemy_act_pattern.obj
c:\users\s-saotome\source\repos\ryujin\release\enemy.obj
c:\users\s-saotome\source\repos\ryujin\release\cshot.obj
c:\users\s-saotome\source\repos\ryujin\release\char.obj
c:\users\s-saotome\source\repos\ryujin\release\boss_shoth.obj
c:\users\s-saotome\source\repos\ryujin\release\boss_shot.obj
c:\users\s-saotome\source\repos\ryujin\release\ryujin.exe
c:\users\s-saotome\source\repos\ryujin\release\ryujin.pdb
c:\users\s-saotome\source\repos\ryujin\release\ryujin.ipdb
c:\users\s-saotome\source\repos\ryujin\release\ryujin.iobj
c:\users\s-saotome\source\repos\ryujin\release\ryujin.tlog\cl.command.1.tlog
c:\users\s-saotome\source\repos\ryujin\release\ryujin.tlog\cl.read.1.tlog
c:\users\s-saotome\source\repos\ryujin\release\ryujin.tlog\cl.write.1.tlog
c:\users\s-saotome\source\repos\ryujin\release\ryujin.tlog\link.command.1.tlog
c:\users\s-saotome\source\repos\ryujin\release\ryujin.tlog\link.read.1.tlog
c:\users\s-saotome\source\repos\ryujin\release\ryujin.tlog\link.write.1.tlog
c:\users\s-saotome\source\repos\ryujin\release\ryujin.tlog\ryujin.write.1u.tlog
